This file contains any messages produced by compilers while
running configure, to aid debugging if configure makes a mistake.

It was created by configure, which was
generated by GNU Autoconf 2.68.  Invocation command line was

  $ ./configure 

## --------- ##
## Platform. ##
## --------- ##

hostname = PGC-Pro.local
uname -m = x86_64
uname -r = 12.2.0
uname -s = Darwin
uname -v = Darwin Kernel Version 12.2.0: Sat Aug 25 00:48:52 PDT 2012; root:xnu-2050.18.24~1/RELEASE_X86_64

/usr/bin/uname -p = i386
/bin/uname -X     = unknown

/bin/arch              = unknown
/usr/bin/arch -k       = unknown
/usr/convex/getsysinfo = unknown
/usr/bin/hostinfo      = Mach kernel version:
	 Darwin Kernel Version 12.2.0: Sat Aug 25 00:48:52 PDT 2012; root:xnu-2050.18.24~1/RELEASE_X86_64
Kernel configured for up to 16 processors.
8 processors are physically available.
16 processors are logically available.
Processor type: i486 (Intel 80486)
Processors active: 0 1 2 3 4 5 6 7 8 9 10 11 12 13 14 15
Primary memory available: 10.00 gigabytes
Default processor set: 158 tasks, 782 threads, 16 processors
Load average: 0.34, Mach factor: 15.65
/bin/machine           = unknown
/usr/bin/oslevel       = unknown
/bin/universe          = unknown

PATH: /Users/patrice/local/bin
PATH: /usr/local/n/versions/0.8.6/lib/node_modules/jitsu/bin
PATH: /usr/local/share/python
PATH: /Users/patrice/Software/apache-maven-2.2.1/bin
PATH: /usr/local/bin
PATH: /usr/local/sbin
PATH: .
PATH: /bin
PATH: /sbin
PATH: /usr/sbin
PATH: /Library/PostgreSQL/9.0/bin
PATH: /usr/local/mysql/bin
PATH: /usr/local/pgsql/bin
PATH: /opt/local/bin
PATH: /usr/bin
PATH: /usr/local/git/bin
PATH: /usr/bin
PATH: /usr/texbin
PATH: /ss


## ----------- ##
## Core tests. ##
## ----------- ##

configure:2432: checking for a BSD-compatible install
configure:2500: result: /usr/bin/install -c
configure:2511: checking whether build environment is sane
configure:2561: result: yes
configure:2702: checking for a thread-safe mkdir -p
configure:2741: result: ./install-sh -c -d
configure:2754: checking for gawk
configure:2784: result: no
configure:2754: checking for mawk
configure:2784: result: no
configure:2754: checking for nawk
configure:2784: result: no
configure:2754: checking for awk
configure:2770: found /usr/bin/awk
configure:2781: result: awk
configure:2792: checking whether make sets $(MAKE)
configure:2814: result: yes
configure:2955: checking for gcc
configure:2982: result: /usr/bin/clang
configure:3211: checking for C compiler version
configure:3220: /usr/bin/clang --version >&5
Apple clang version 4.0 (tags/Apple/clang-421.0.57) (based on LLVM 3.1svn)
Target: x86_64-apple-darwin12.2.0
Thread model: posix
configure:3231: $? = 0
configure:3220: /usr/bin/clang -v >&5
Apple clang version 4.0 (tags/Apple/clang-421.0.57) (based on LLVM 3.1svn)
Target: x86_64-apple-darwin12.2.0
Thread model: posix
configure:3231: $? = 0
configure:3220: /usr/bin/clang -V >&5
clang: error: argument to '-V' is missing (expected 1 value)
clang: error: no input files
configure:3231: $? = 1
configure:3220: /usr/bin/clang -qversion >&5
clang: error: no input files
configure:3231: $? = 1
configure:3251: checking whether the C compiler works
configure:3273: /usr/bin/clang    conftest.c  >&5
configure:3277: $? = 0
configure:3325: result: yes
configure:3328: checking for C compiler default output file name
configure:3330: result: a.out
configure:3336: checking for suffix of executables
configure:3343: /usr/bin/clang -o conftest    conftest.c  >&5
configure:3347: $? = 0
configure:3369: result: 
configure:3391: checking whether we are cross compiling
configure:3399: /usr/bin/clang -o conftest    conftest.c  >&5
configure:3403: $? = 0
configure:3410: ./conftest
configure:3414: $? = 0
configure:3429: result: no
configure:3434: checking for suffix of object files
configure:3456: /usr/bin/clang -c   conftest.c >&5
configure:3460: $? = 0
configure:3481: result: o
configure:3485: checking whether we are using the GNU C compiler
configure:3504: /usr/bin/clang -c   conftest.c >&5
configure:3504: $? = 0
configure:3513: result: yes
configure:3522: checking whether /usr/bin/clang accepts -g
configure:3542: /usr/bin/clang -c -g  conftest.c >&5
configure:3542: $? = 0
configure:3583: result: yes
configure:3600: checking for /usr/bin/clang option to accept ISO C89
configure:3664: /usr/bin/clang  -c -g -O2  conftest.c >&5
configure:3664: $? = 0
configure:3677: result: none needed
configure:3708: checking for style of include used by make
configure:3736: result: GNU
configure:3762: checking dependency style of /usr/bin/clang
configure:3873: result: none
configure:3917: checking build system type
configure:3931: result: x86_64-apple-darwin12.2.0
configure:3951: checking host system type
configure:3964: result: x86_64-apple-darwin12.2.0
configure:4005: checking how to print strings
configure:4032: result: printf
configure:4053: checking for a sed that does not truncate output
configure:4117: result: /usr/bin/sed
configure:4135: checking for grep that handles long lines and -e
configure:4193: result: /usr/bin/grep
configure:4198: checking for egrep
configure:4260: result: /usr/bin/grep -E
configure:4265: checking for fgrep
configure:4327: result: /usr/bin/grep -F
configure:4362: checking for ld used by /usr/bin/clang
configure:4429: result: /usr/bin/ld
configure:4436: checking if the linker (/usr/bin/ld) is GNU ld
configure:4451: result: no
configure:4463: checking for BSD- or MS-compatible name lister (nm)
configure:4512: result: /usr/bin/nm
configure:4642: checking the name lister (/usr/bin/nm) interface
configure:4649: /usr/bin/clang -c -g -O2  conftest.c >&5
configure:4652: /usr/bin/nm "conftest.o"
configure:4655: output
0000000000000218 S _some_variable
configure:4662: result: BSD nm
configure:4665: checking whether ln -s works
configure:4669: result: yes
configure:4677: checking the maximum length of command line arguments
configure:4807: result: 196608
configure:4824: checking whether the shell understands some XSI constructs
configure:4834: result: yes
configure:4838: checking whether the shell understands "+="
configure:4844: result: yes
configure:4879: checking how to convert x86_64-apple-darwin12.2.0 file names to x86_64-apple-darwin12.2.0 format
configure:4919: result: func_convert_file_noop
configure:4926: checking how to convert x86_64-apple-darwin12.2.0 file names to toolchain format
configure:4946: result: func_convert_file_noop
configure:4953: checking for /usr/bin/ld option to reload object files
configure:4960: result: -r
configure:5034: checking for objdump
configure:5064: result: no
configure:5093: checking how to recognize dependent libraries
configure:5295: result: pass_all
configure:5380: checking for dlltool
configure:5410: result: no
configure:5440: checking how to associate runtime and link libraries
configure:5467: result: printf %s\n
configure:5528: checking for ar
configure:5544: found /usr/bin/ar
configure:5555: result: ar
configure:5592: checking for archiver @FILE support
configure:5609: /usr/bin/clang -c -g -O2  conftest.c >&5
configure:5609: $? = 0
configure:5612: ar cru libconftest.a @conftest.lst >&5
ar: @conftest.lst: No such file or directory
configure:5615: $? = 1
configure:5635: result: no
configure:5693: checking for strip
configure:5709: found /usr/bin/strip
configure:5720: result: strip
configure:5792: checking for ranlib
configure:5808: found /usr/bin/ranlib
configure:5819: result: ranlib
configure:5921: checking command to parse /usr/bin/nm output from /usr/bin/clang object
configure:6041: /usr/bin/clang -c -g -O2  conftest.c >&5
configure:6044: $? = 0
configure:6048: /usr/bin/nm conftest.o \| sed -n -e 's/^.*[ ]\([BCDEGRST][BCDEGRST]*\)[ ][ ]*\([_A-Za-z][_A-Za-z0-9]*\)$/\1 \2 \2/p' | sed '/ __gnu_lto/d' \> conftest.nm
configure:6051: $? = 0
cannot find nm_test_var in conftest.nm
configure:6041: /usr/bin/clang -c -g -O2  conftest.c >&5
configure:6044: $? = 0
configure:6048: /usr/bin/nm conftest.o \| sed -n -e 's/^.*[ ]\([BCDEGRST][BCDEGRST]*\)[ ][ ]*_\([_A-Za-z][_A-Za-z0-9]*\)$/\1 _\2 \2/p' | sed '/ __gnu_lto/d' \> conftest.nm
configure:6051: $? = 0
configure:6117: /usr/bin/clang -o conftest -g -O2   conftest.c conftstm.o >&5
configure:6120: $? = 0
configure:6158: result: ok
configure:6195: checking for sysroot
configure:6225: result: no
configure:6481: checking for mt
configure:6511: result: no
configure:6531: checking if : is a manifest tool
configure:6537: : '-?'
configure:6545: result: no
configure:6601: checking for dsymutil
configure:6617: found /usr/bin/dsymutil
configure:6628: result: dsymutil
configure:6693: checking for nmedit
configure:6709: found /usr/bin/nmedit
configure:6720: result: nmedit
configure:6785: checking for lipo
configure:6801: found /usr/bin/lipo
configure:6812: result: lipo
configure:6877: checking for otool
configure:6893: found /usr/bin/otool
configure:6904: result: otool
configure:6969: checking for otool64
configure:6999: result: no
configure:7044: checking for -single_module linker flag
/usr/bin/clang -g -O2  -o libconftest.dylib -dynamiclib -Wl,-single_module conftest.c
configure:7077: result: yes
configure:7080: checking for -exported_symbols_list linker flag
configure:7100: /usr/bin/clang -o conftest -g -O2   -Wl,-exported_symbols_list,conftest.sym conftest.c  >&5
configure:7100: $? = 0
configure:7110: result: yes
configure:7113: checking for -force_load linker flag
/usr/bin/clang -g -O2 -c -o conftest.o conftest.c
ar cru libconftest.a conftest.o
ranlib libconftest.a
/usr/bin/clang -g -O2  -o conftest conftest.c -Wl,-force_load,./libconftest.a
configure:7145: result: yes
configure:7187: checking how to run the C preprocessor
configure:7218: /usr/bin/clang -E  conftest.c
configure:7218: $? = 0
configure:7232: /usr/bin/clang -E  conftest.c
conftest.c:11:10: fatal error: 'ac_nonexistent.h' file not found
#include <ac_nonexistent.h>
         ^
1 error generated.
configure:7232: $? = 1
configure: failed program was:
| /* confdefs.h */
| #define PACKAGE_NAME ""
| #define PACKAGE_TARNAME ""
| #define PACKAGE_VERSION ""
| #define PACKAGE_STRING ""
| #define PACKAGE_BUGREPORT ""
| #define PACKAGE_URL ""
| #define PACKAGE "autotrace"
| #define AUTOTRACE_VERSION "0.31.1"
| /* end confdefs.h.  */
| #include <ac_nonexistent.h>
configure:7257: result: /usr/bin/clang -E
configure:7277: /usr/bin/clang -E  conftest.c
configure:7277: $? = 0
configure:7291: /usr/bin/clang -E  conftest.c
conftest.c:11:10: fatal error: 'ac_nonexistent.h' file not found
#include <ac_nonexistent.h>
         ^
1 error generated.
configure:7291: $? = 1
configure: failed program was:
| /* confdefs.h */
| #define PACKAGE_NAME ""
| #define PACKAGE_TARNAME ""
| #define PACKAGE_VERSION ""
| #define PACKAGE_STRING ""
| #define PACKAGE_BUGREPORT ""
| #define PACKAGE_URL ""
| #define PACKAGE "autotrace"
| #define AUTOTRACE_VERSION "0.31.1"
| /* end confdefs.h.  */
| #include <ac_nonexistent.h>
configure:7320: checking for ANSI C header files
configure:7340: /usr/bin/clang -c -g -O2  conftest.c >&5
configure:7340: $? = 0
configure:7413: /usr/bin/clang -o conftest -g -O2   conftest.c  >&5
configure:7413: $? = 0
configure:7413: ./conftest
configure:7413: $? = 0
configure:7424: result: yes
configure:7437: checking for sys/types.h
configure:7437: /usr/bin/clang -c -g -O2  conftest.c >&5
configure:7437: $? = 0
configure:7437: result: yes
configure:7437: checking for sys/stat.h
configure:7437: /usr/bin/clang -c -g -O2  conftest.c >&5
configure:7437: $? = 0
configure:7437: result: yes
configure:7437: checking for stdlib.h
configure:7437: /usr/bin/clang -c -g -O2  conftest.c >&5
configure:7437: $? = 0
configure:7437: result: yes
configure:7437: checking for string.h
configure:7437: /usr/bin/clang -c -g -O2  conftest.c >&5
configure:7437: $? = 0
configure:7437: result: yes
configure:7437: checking for memory.h
configure:7437: /usr/bin/clang -c -g -O2  conftest.c >&5
configure:7437: $? = 0
configure:7437: result: yes
configure:7437: checking for strings.h
configure:7437: /usr/bin/clang -c -g -O2  conftest.c >&5
configure:7437: $? = 0
configure:7437: result: yes
configure:7437: checking for inttypes.h
configure:7437: /usr/bin/clang -c -g -O2  conftest.c >&5
configure:7437: $? = 0
configure:7437: result: yes
configure:7437: checking for stdint.h
configure:7437: /usr/bin/clang -c -g -O2  conftest.c >&5
configure:7437: $? = 0
configure:7437: result: yes
configure:7437: checking for unistd.h
configure:7437: /usr/bin/clang -c -g -O2  conftest.c >&5
configure:7437: $? = 0
configure:7437: result: yes
configure:7451: checking for dlfcn.h
configure:7451: /usr/bin/clang -c -g -O2  conftest.c >&5
configure:7451: $? = 0
configure:7451: result: yes
configure:7657: checking for objdir
configure:7672: result: .libs
configure:7939: checking if /usr/bin/clang supports -fno-rtti -fno-exceptions
configure:7957: /usr/bin/clang -c -g -O2  -fno-rtti -fno-exceptions conftest.c >&5
configure:7961: $? = 0
configure:7974: result: yes
configure:8301: checking for /usr/bin/clang option to produce PIC
configure:8308: result: -fno-common -DPIC
configure:8316: checking if /usr/bin/clang PIC flag -fno-common -DPIC works
configure:8334: /usr/bin/clang -c -g -O2  -fno-common -DPIC -DPIC conftest.c >&5
configure:8338: $? = 0
configure:8351: result: yes
configure:8380: checking if /usr/bin/clang static flag -static works
configure:8408: result: no
configure:8423: checking if /usr/bin/clang supports -c -o file.o
configure:8444: /usr/bin/clang -c -g -O2  -o out/conftest2.o conftest.c >&5
configure:8448: $? = 0
configure:8470: result: yes
configure:8478: checking if /usr/bin/clang supports -c -o file.o
configure:8525: result: yes
configure:8558: checking whether the /usr/bin/clang linker (/usr/bin/ld) supports shared libraries
configure:9711: result: yes
configure:9951: checking dynamic linker characteristics
configure:10684: result: darwin12.2.0 dyld
configure:10791: checking how to hardcode library paths into programs
configure:10816: result: immediate
configure:11356: checking whether stripping libraries is possible
configure:11370: result: yes
configure:11396: checking if libtool supports shared libraries
configure:11398: result: yes
configure:11401: checking whether to build shared libraries
configure:11422: result: yes
configure:11425: checking whether to build static libraries
configure:11429: result: yes
configure:11475: checking whether to enable maintainer-specific portions of Makefiles
configure:11484: result: no
configure:11506: checking how to run the C preprocessor
configure:11576: result: /usr/bin/clang -E
configure:11596: /usr/bin/clang -E  conftest.c
configure:11596: $? = 0
configure:11610: /usr/bin/clang -E  conftest.c
conftest.c:24:10: fatal error: 'ac_nonexistent.h' file not found
#include <ac_nonexistent.h>
         ^
1 error generated.
configure:11610: $? = 1
configure: failed program was:
| /* confdefs.h */
| #define PACKAGE_NAME ""
| #define PACKAGE_TARNAME ""
| #define PACKAGE_VERSION ""
| #define PACKAGE_STRING ""
| #define PACKAGE_BUGREPORT ""
| #define PACKAGE_URL ""
| #define PACKAGE "autotrace"
| #define AUTOTRACE_VERSION "0.31.1"
| #define STDC_HEADERS 1
| #define HAVE_SYS_TYPES_H 1
| #define HAVE_SYS_STAT_H 1
| #define HAVE_STDLIB_H 1
| #define HAVE_STRING_H 1
| #define HAVE_MEMORY_H 1
| #define HAVE_STRINGS_H 1
| #define HAVE_INTTYPES_H 1
| #define HAVE_STDINT_H 1
| #define HAVE_UNISTD_H 1
| #define HAVE_DLFCN_H 1
| #define LT_OBJDIR ".libs/"
| #define AUTOTRACE_WEB "http://autotrace.sourceforge.net"
| /* end confdefs.h.  */
| #include <ac_nonexistent.h>
configure:11638: checking whether build environment is sane
configure:11688: result: yes
configure:11693: checking malloc.h usability
configure:11693: /usr/bin/clang -c -g -O2  conftest.c >&5
conftest.c:57:10: fatal error: 'malloc.h' file not found
#include <malloc.h>
         ^
1 error generated.
configure:11693: $? = 1
configure: failed program was:
| /* confdefs.h */
| #define PACKAGE_NAME ""
| #define PACKAGE_TARNAME ""
| #define PACKAGE_VERSION ""
| #define PACKAGE_STRING ""
| #define PACKAGE_BUGREPORT ""
| #define PACKAGE_URL ""
| #define PACKAGE "autotrace"
| #define AUTOTRACE_VERSION "0.31.1"
| #define STDC_HEADERS 1
| #define HAVE_SYS_TYPES_H 1
| #define HAVE_SYS_STAT_H 1
| #define HAVE_STDLIB_H 1
| #define HAVE_STRING_H 1
| #define HAVE_MEMORY_H 1
| #define HAVE_STRINGS_H 1
| #define HAVE_INTTYPES_H 1
| #define HAVE_STDINT_H 1
| #define HAVE_UNISTD_H 1
| #define HAVE_DLFCN_H 1
| #define LT_OBJDIR ".libs/"
| #define AUTOTRACE_WEB "http://autotrace.sourceforge.net"
| /* end confdefs.h.  */
| #include <stdio.h>
| #ifdef HAVE_SYS_TYPES_H
| # include <sys/types.h>
| #endif
| #ifdef HAVE_SYS_STAT_H
| # include <sys/stat.h>
| #endif
| #ifdef STDC_HEADERS
| # include <stdlib.h>
| # include <stddef.h>
| #else
| # ifdef HAVE_STDLIB_H
| #  include <stdlib.h>
| # endif
| #endif
| #ifdef HAVE_STRING_H
| # if !defined STDC_HEADERS && defined HAVE_MEMORY_H
| #  include <memory.h>
| # endif
| # include <string.h>
| #endif
| #ifdef HAVE_STRINGS_H
| # include <strings.h>
| #endif
| #ifdef HAVE_INTTYPES_H
| # include <inttypes.h>
| #endif
| #ifdef HAVE_STDINT_H
| # include <stdint.h>
| #endif
| #ifdef HAVE_UNISTD_H
| # include <unistd.h>
| #endif
| #include <malloc.h>
configure:11693: result: no
configure:11693: checking malloc.h presence
configure:11693: /usr/bin/clang -E  conftest.c
conftest.c:24:10: fatal error: 'malloc.h' file not found
#include <malloc.h>
         ^
1 error generated.
configure:11693: $? = 1
configure: failed program was:
| /* confdefs.h */
| #define PACKAGE_NAME ""
| #define PACKAGE_TARNAME ""
| #define PACKAGE_VERSION ""
| #define PACKAGE_STRING ""
| #define PACKAGE_BUGREPORT ""
| #define PACKAGE_URL ""
| #define PACKAGE "autotrace"
| #define AUTOTRACE_VERSION "0.31.1"
| #define STDC_HEADERS 1
| #define HAVE_SYS_TYPES_H 1
| #define HAVE_SYS_STAT_H 1
| #define HAVE_STDLIB_H 1
| #define HAVE_STRING_H 1
| #define HAVE_MEMORY_H 1
| #define HAVE_STRINGS_H 1
| #define HAVE_INTTYPES_H 1
| #define HAVE_STDINT_H 1
| #define HAVE_UNISTD_H 1
| #define HAVE_DLFCN_H 1
| #define LT_OBJDIR ".libs/"
| #define AUTOTRACE_WEB "http://autotrace.sourceforge.net"
| /* end confdefs.h.  */
| #include <malloc.h>
configure:11693: result: no
configure:11693: checking for malloc.h
configure:11693: result: no
configure:11715: checking locale.h usability
configure:11715: /usr/bin/clang -c -g -O2  conftest.c >&5
configure:11715: $? = 0
configure:11715: result: yes
configure:11715: checking locale.h presence
configure:11715: /usr/bin/clang -E  conftest.c
configure:11715: $? = 0
configure:11715: result: yes
configure:11715: checking for locale.h
configure:11715: result: yes
configure:11726: checking for LC_MESSAGES
configure:11742: /usr/bin/clang -o conftest -g -O2   conftest.c  >&5
configure:11742: $? = 0
configure:11750: result: yes
configure:11767: checking libintl.h usability
configure:11767: /usr/bin/clang -c -g -O2  conftest.c >&5
conftest.c:60:10: fatal error: 'libintl.h' file not found
#include <libintl.h>
         ^
1 error generated.
configure:11767: $? = 1
configure: failed program was:
| /* confdefs.h */
| #define PACKAGE_NAME ""
| #define PACKAGE_TARNAME ""
| #define PACKAGE_VERSION ""
| #define PACKAGE_STRING ""
| #define PACKAGE_BUGREPORT ""
| #define PACKAGE_URL ""
| #define PACKAGE "autotrace"
| #define AUTOTRACE_VERSION "0.31.1"
| #define STDC_HEADERS 1
| #define HAVE_SYS_TYPES_H 1
| #define HAVE_SYS_STAT_H 1
| #define HAVE_STDLIB_H 1
| #define HAVE_STRING_H 1
| #define HAVE_MEMORY_H 1
| #define HAVE_STRINGS_H 1
| #define HAVE_INTTYPES_H 1
| #define HAVE_STDINT_H 1
| #define HAVE_UNISTD_H 1
| #define HAVE_DLFCN_H 1
| #define LT_OBJDIR ".libs/"
| #define AUTOTRACE_WEB "http://autotrace.sourceforge.net"
| #define GETTEXT_PACKAGE "autotrace"
| #define HAVE_LOCALE_H 1
| #define HAVE_LC_MESSAGES 1
| /* end confdefs.h.  */
| #include <stdio.h>
| #ifdef HAVE_SYS_TYPES_H
| # include <sys/types.h>
| #endif
| #ifdef HAVE_SYS_STAT_H
| # include <sys/stat.h>
| #endif
| #ifdef STDC_HEADERS
| # include <stdlib.h>
| # include <stddef.h>
| #else
| # ifdef HAVE_STDLIB_H
| #  include <stdlib.h>
| # endif
| #endif
| #ifdef HAVE_STRING_H
| # if !defined STDC_HEADERS && defined HAVE_MEMORY_H
| #  include <memory.h>
| # endif
| # include <string.h>
| #endif
| #ifdef HAVE_STRINGS_H
| # include <strings.h>
| #endif
| #ifdef HAVE_INTTYPES_H
| # include <inttypes.h>
| #endif
| #ifdef HAVE_STDINT_H
| # include <stdint.h>
| #endif
| #ifdef HAVE_UNISTD_H
| # include <unistd.h>
| #endif
| #include <libintl.h>
configure:11767: result: no
configure:11767: checking libintl.h presence
configure:11767: /usr/bin/clang -E  conftest.c
conftest.c:27:10: fatal error: 'libintl.h' file not found
#include <libintl.h>
         ^
1 error generated.
configure:11767: $? = 1
configure: failed program was:
| /* confdefs.h */
| #define PACKAGE_NAME ""
| #define PACKAGE_TARNAME ""
| #define PACKAGE_VERSION ""
| #define PACKAGE_STRING ""
| #define PACKAGE_BUGREPORT ""
| #define PACKAGE_URL ""
| #define PACKAGE "autotrace"
| #define AUTOTRACE_VERSION "0.31.1"
| #define STDC_HEADERS 1
| #define HAVE_SYS_TYPES_H 1
| #define HAVE_SYS_STAT_H 1
| #define HAVE_STDLIB_H 1
| #define HAVE_STRING_H 1
| #define HAVE_MEMORY_H 1
| #define HAVE_STRINGS_H 1
| #define HAVE_INTTYPES_H 1
| #define HAVE_STDINT_H 1
| #define HAVE_UNISTD_H 1
| #define HAVE_DLFCN_H 1
| #define LT_OBJDIR ".libs/"
| #define AUTOTRACE_WEB "http://autotrace.sourceforge.net"
| #define GETTEXT_PACKAGE "autotrace"
| #define HAVE_LOCALE_H 1
| #define HAVE_LC_MESSAGES 1
| /* end confdefs.h.  */
| #include <libintl.h>
configure:11767: result: no
configure:11767: checking for libintl.h
configure:11767: result: no
configure:12434: checking for Magick-config
configure:12450: found /usr/local/bin/Magick-config
configure:12462: result: Magick-config
configure:12473: checking magick/api.h usability
configure:12473: /usr/bin/clang -c -g -O2 -I/usr/local/Cellar/imagemagick/6.7.5-7/include/ImageMagick   conftest.c >&5
configure:12473: $? = 0
configure:12473: result: yes
configure:12473: checking magick/api.h presence
configure:12473: /usr/bin/clang -E -I/usr/local/Cellar/imagemagick/6.7.5-7/include/ImageMagick   conftest.c
configure:12473: $? = 0
configure:12473: result: yes
configure:12473: checking for magick/api.h
configure:12473: result: yes
configure:12485: checking ImageMagick - version >= 5.2.1
configure:12499: result: yes(6.7.5 Q16 )
configure:12581: checking for gzsetparams in -lz
configure:12606: /usr/bin/clang -o conftest -g -O2   conftest.c -lz   >&5
configure:12606: $? = 0
configure:12615: result: yes
configure:12618: checking zlib.h usability
configure:12618: /usr/bin/clang -c -g -O2  conftest.c >&5
configure:12618: $? = 0
configure:12618: result: yes
configure:12618: checking zlib.h presence
configure:12618: /usr/bin/clang -E  conftest.c
configure:12618: $? = 0
configure:12618: result: yes
configure:12618: checking for zlib.h
configure:12618: result: yes
configure:12634: checking for png_get_image_width in -lpng
configure:12659: /usr/bin/clang -o conftest -g -O2   conftest.c -lpng -lz -lm  >&5
configure:12659: $? = 0
configure:12668: result: yes
configure:12677: checking for png_read_png in -lpng
configure:12702: /usr/bin/clang -o conftest -g -O2   conftest.c -lpng -lz -lm  >&5
configure:12702: $? = 0
configure:12711: result: yes
configure:12750: checking ming.h usability
configure:12750: /usr/bin/clang -c -g -O2  conftest.c >&5
conftest.c:62:10: fatal error: 'ming.h' file not found
#include <ming.h>
         ^
1 error generated.
configure:12750: $? = 1
configure: failed program was:
| /* confdefs.h */
| #define PACKAGE_NAME ""
| #define PACKAGE_TARNAME ""
| #define PACKAGE_VERSION ""
| #define PACKAGE_STRING ""
| #define PACKAGE_BUGREPORT ""
| #define PACKAGE_URL ""
| #define PACKAGE "autotrace"
| #define AUTOTRACE_VERSION "0.31.1"
| #define STDC_HEADERS 1
| #define HAVE_SYS_TYPES_H 1
| #define HAVE_SYS_STAT_H 1
| #define HAVE_STDLIB_H 1
| #define HAVE_STRING_H 1
| #define HAVE_MEMORY_H 1
| #define HAVE_STRINGS_H 1
| #define HAVE_INTTYPES_H 1
| #define HAVE_STDINT_H 1
| #define HAVE_UNISTD_H 1
| #define HAVE_DLFCN_H 1
| #define LT_OBJDIR ".libs/"
| #define AUTOTRACE_WEB "http://autotrace.sourceforge.net"
| #define GETTEXT_PACKAGE "autotrace"
| #define HAVE_LOCALE_H 1
| #define HAVE_LC_MESSAGES 1
| #define HAVE_MAGICK 1
| #define HAVE_LIBPNG 1
| /* end confdefs.h.  */
| #include <stdio.h>
| #ifdef HAVE_SYS_TYPES_H
| # include <sys/types.h>
| #endif
| #ifdef HAVE_SYS_STAT_H
| # include <sys/stat.h>
| #endif
| #ifdef STDC_HEADERS
| # include <stdlib.h>
| # include <stddef.h>
| #else
| # ifdef HAVE_STDLIB_H
| #  include <stdlib.h>
| # endif
| #endif
| #ifdef HAVE_STRING_H
| # if !defined STDC_HEADERS && defined HAVE_MEMORY_H
| #  include <memory.h>
| # endif
| # include <string.h>
| #endif
| #ifdef HAVE_STRINGS_H
| # include <strings.h>
| #endif
| #ifdef HAVE_INTTYPES_H
| # include <inttypes.h>
| #endif
| #ifdef HAVE_STDINT_H
| # include <stdint.h>
| #endif
| #ifdef HAVE_UNISTD_H
| # include <unistd.h>
| #endif
| #include <ming.h>
configure:12750: result: no
configure:12750: checking ming.h presence
configure:12750: /usr/bin/clang -E  conftest.c
conftest.c:29:10: fatal error: 'ming.h' file not found
#include <ming.h>
         ^
1 error generated.
configure:12750: $? = 1
configure: failed program was:
| /* confdefs.h */
| #define PACKAGE_NAME ""
| #define PACKAGE_TARNAME ""
| #define PACKAGE_VERSION ""
| #define PACKAGE_STRING ""
| #define PACKAGE_BUGREPORT ""
| #define PACKAGE_URL ""
| #define PACKAGE "autotrace"
| #define AUTOTRACE_VERSION "0.31.1"
| #define STDC_HEADERS 1
| #define HAVE_SYS_TYPES_H 1
| #define HAVE_SYS_STAT_H 1
| #define HAVE_STDLIB_H 1
| #define HAVE_STRING_H 1
| #define HAVE_MEMORY_H 1
| #define HAVE_STRINGS_H 1
| #define HAVE_INTTYPES_H 1
| #define HAVE_STDINT_H 1
| #define HAVE_UNISTD_H 1
| #define HAVE_DLFCN_H 1
| #define LT_OBJDIR ".libs/"
| #define AUTOTRACE_WEB "http://autotrace.sourceforge.net"
| #define GETTEXT_PACKAGE "autotrace"
| #define HAVE_LOCALE_H 1
| #define HAVE_LC_MESSAGES 1
| #define HAVE_MAGICK 1
| #define HAVE_LIBPNG 1
| /* end confdefs.h.  */
| #include <ming.h>
configure:12750: result: no
configure:12750: checking for ming.h
configure:12750: result: no
configure:12812: WARNING: *** Cannot find ming.h.     ***
configure:12814: WARNING: *** SWF output is disabled. ***
configure:12826: checking whether the host is Darwin
configure:12830: result: yes
configure:12833: WARNING: linker messages that warns symbols are multiply defined
are suppressed
configure:12917: checking for g++
configure:12933: found /usr/bin/g++
configure:12944: result: g++
configure:12971: checking for C++ compiler version
configure:12980: g++ --version >&5
i686-apple-darwin11-llvm-g++-4.2 (GCC) 4.2.1 (Based on Apple Inc. build 5658) (LLVM build 2336.11.00)
Copyright (C) 2007 Free Software Foundation, Inc.
This is free software; see the source for copying conditions.  There is NO
warranty; not even for MERCHANTABILITY or FITNESS FOR A PARTICULAR PURPOSE.

configure:12991: $? = 0
configure:12980: g++ -v >&5
Using built-in specs.
Target: i686-apple-darwin11
Configured with: /private/var/tmp/llvmgcc42/llvmgcc42-2336.11~28/src/configure --disable-checking --enable-werror --prefix=/Applications/Xcode.app/Contents/Developer/usr/llvm-gcc-4.2 --mandir=/share/man --enable-languages=c,objc,c++,obj-c++ --program-prefix=llvm- --program-transform-name=/^[cg][^.-]*$/s/$/-4.2/ --with-slibdir=/usr/lib --build=i686-apple-darwin11 --enable-llvm=/private/var/tmp/llvmgcc42/llvmgcc42-2336.11~28/dst-llvmCore/Developer/usr/local --program-prefix=i686-apple-darwin11- --host=x86_64-apple-darwin11 --target=i686-apple-darwin11 --with-gxx-include-dir=/usr/include/c++/4.2.1
Thread model: posix
gcc version 4.2.1 (Based on Apple Inc. build 5658) (LLVM build 2336.11.00)
configure:12991: $? = 0
configure:12980: g++ -V >&5
llvm-g++-4.2: argument to `-V' is missing
configure:12991: $? = 1
configure:12980: g++ -qversion >&5
i686-apple-darwin11-llvm-g++-4.2: no input files
configure:12991: $? = 1
configure:12995: checking whether we are using the GNU C++ compiler
configure:13014: g++ -c   conftest.cpp >&5
configure:13014: $? = 0
configure:13023: result: yes
configure:13032: checking whether g++ accepts -g
configure:13052: g++ -c -g  conftest.cpp >&5
configure:13052: $? = 0
configure:13093: result: yes
configure:13118: checking dependency style of g++
configure:13229: result: none
configure:13262: checking how to run the C++ preprocessor
configure:13289: g++ -E  conftest.cpp
configure:13289: $? = 0
configure:13303: g++ -E  conftest.cpp
conftest.cpp:29:28: error: ac_nonexistent.h: No such file or directory
configure:13303: $? = 1
configure: failed program was:
| /* confdefs.h */
| #define PACKAGE_NAME ""
| #define PACKAGE_TARNAME ""
| #define PACKAGE_VERSION ""
| #define PACKAGE_STRING ""
| #define PACKAGE_BUGREPORT ""
| #define PACKAGE_URL ""
| #define PACKAGE "autotrace"
| #define AUTOTRACE_VERSION "0.31.1"
| #define STDC_HEADERS 1
| #define HAVE_SYS_TYPES_H 1
| #define HAVE_SYS_STAT_H 1
| #define HAVE_STDLIB_H 1
| #define HAVE_STRING_H 1
| #define HAVE_MEMORY_H 1
| #define HAVE_STRINGS_H 1
| #define HAVE_INTTYPES_H 1
| #define HAVE_STDINT_H 1
| #define HAVE_UNISTD_H 1
| #define HAVE_DLFCN_H 1
| #define LT_OBJDIR ".libs/"
| #define AUTOTRACE_WEB "http://autotrace.sourceforge.net"
| #define GETTEXT_PACKAGE "autotrace"
| #define HAVE_LOCALE_H 1
| #define HAVE_LC_MESSAGES 1
| #define HAVE_MAGICK 1
| #define HAVE_LIBPNG 1
| /* end confdefs.h.  */
| #include <ac_nonexistent.h>
configure:13328: result: g++ -E
configure:13348: g++ -E  conftest.cpp
configure:13348: $? = 0
configure:13362: g++ -E  conftest.cpp
conftest.cpp:29:28: error: ac_nonexistent.h: No such file or directory
configure:13362: $? = 1
configure: failed program was:
| /* confdefs.h */
| #define PACKAGE_NAME ""
| #define PACKAGE_TARNAME ""
| #define PACKAGE_VERSION ""
| #define PACKAGE_STRING ""
| #define PACKAGE_BUGREPORT ""
| #define PACKAGE_URL ""
| #define PACKAGE "autotrace"
| #define AUTOTRACE_VERSION "0.31.1"
| #define STDC_HEADERS 1
| #define HAVE_SYS_TYPES_H 1
| #define HAVE_SYS_STAT_H 1
| #define HAVE_STDLIB_H 1
| #define HAVE_STRING_H 1
| #define HAVE_MEMORY_H 1
| #define HAVE_STRINGS_H 1
| #define HAVE_INTTYPES_H 1
| #define HAVE_STDINT_H 1
| #define HAVE_UNISTD_H 1
| #define HAVE_DLFCN_H 1
| #define LT_OBJDIR ".libs/"
| #define AUTOTRACE_WEB "http://autotrace.sourceforge.net"
| #define GETTEXT_PACKAGE "autotrace"
| #define HAVE_LOCALE_H 1
| #define HAVE_LC_MESSAGES 1
| #define HAVE_MAGICK 1
| #define HAVE_LIBPNG 1
| /* end confdefs.h.  */
| #include <ac_nonexistent.h>
configure:13531: checking for ld used by g++
configure:13598: result: /usr/bin/ld
configure:13605: checking if the linker (/usr/bin/ld) is GNU ld
configure:13620: result: no
configure:13675: checking whether the g++ linker (/usr/bin/ld) supports shared libraries
configure:14680: result: yes
configure:14716: g++ -c -g -O2  conftest.cpp >&5
configure:14719: $? = 0
configure:15239: checking for g++ option to produce PIC
configure:15246: result: -fno-common -DPIC
configure:15254: checking if g++ PIC flag -fno-common -DPIC works
configure:15272: g++ -c -g -O2  -fno-common -DPIC -DPIC conftest.cpp >&5
configure:15276: $? = 0
configure:15289: result: yes
configure:15312: checking if g++ static flag -static works
configure:15340: result: no
configure:15352: checking if g++ supports -c -o file.o
configure:15373: g++ -c -g -O2  -o out/conftest2.o conftest.cpp >&5
configure:15377: $? = 0
configure:15399: result: yes
configure:15404: checking if g++ supports -c -o file.o
configure:15451: result: yes
configure:15481: checking whether the g++ linker (/usr/bin/ld) supports shared libraries
configure:15517: result: yes
configure:15658: checking dynamic linker characteristics
configure:16325: result: darwin12.2.0 dyld
configure:16378: checking how to hardcode library paths into programs
configure:16403: result: immediate
configure:16446: checking for main in -lg++
configure:16465: /usr/bin/clang -o conftest -g -O2  -Xlinker -multiply_defined -Xlinker suppress  conftest.c -lg++   >&5
ld: library not found for -lg++
clang: error: linker command failed with exit code 1 (use -v to see invocation)
configure:16465: $? = 1
configure: failed program was:
| /* confdefs.h */
| #define PACKAGE_NAME ""
| #define PACKAGE_TARNAME ""
| #define PACKAGE_VERSION ""
| #define PACKAGE_STRING ""
| #define PACKAGE_BUGREPORT ""
| #define PACKAGE_URL ""
| #define PACKAGE "autotrace"
| #define AUTOTRACE_VERSION "0.31.1"
| #define STDC_HEADERS 1
| #define HAVE_SYS_TYPES_H 1
| #define HAVE_SYS_STAT_H 1
| #define HAVE_STDLIB_H 1
| #define HAVE_STRING_H 1
| #define HAVE_MEMORY_H 1
| #define HAVE_STRINGS_H 1
| #define HAVE_INTTYPES_H 1
| #define HAVE_STDINT_H 1
| #define HAVE_UNISTD_H 1
| #define HAVE_DLFCN_H 1
| #define LT_OBJDIR ".libs/"
| #define AUTOTRACE_WEB "http://autotrace.sourceforge.net"
| #define GETTEXT_PACKAGE "autotrace"
| #define HAVE_LOCALE_H 1
| #define HAVE_LC_MESSAGES 1
| #define HAVE_MAGICK 1
| #define HAVE_LIBPNG 1
| /* end confdefs.h.  */
| 
| 
| int
| main ()
| {
| return main ();
|   ;
|   return 0;
| }
configure:16474: result: no
configure:16480: checking for main in -lstdc++
configure:16499: /usr/bin/clang -o conftest -g -O2  -Xlinker -multiply_defined -Xlinker suppress  conftest.c -lstdc++   >&5
configure:16499: $? = 0
configure:16508: result: yes
configure:16515: checking for C++ runtime
configure:16518: result: -lstdc++ 
configure:16521: checking for main in -ldl
configure:16540: /usr/bin/clang -o conftest -g -O2  -Xlinker -multiply_defined -Xlinker suppress  conftest.c -ldl   >&5
configure:16540: $? = 0
configure:16549: result: yes
configure:16600: checking for pstoedit-config
configure:16631: result: no
configure:16640: checking for PSTOEDIT - version >= 3.32.1
configure:16739: result: no
configure:16841: checking for pstoedit-config
configure:16872: result: no
configure:16881: checking for PSTOEDIT - version >= 3.32.0
configure:16980: result: no
configure:17080: WARNING:
*** Cannot find libpstoedit. ***
*** Output functions using libpstoedit are disabled ***
configure:17103: checking for pkg-config
configure:17121: found /usr/local/bin/pkg-config
configure:17134: result: /usr/local/bin/pkg-config
configure:17255: checking pkg-config is at least version 0.9.0
configure:17258: result: yes
configure:17268: checking for GLIB2
configure:17275: $PKG_CONFIG --exists --print-errors "glib-2.0 >= 2.0  gmodule-2.0 >= 2.0 gthread-2.0 >= 2.0 gobject-2.0 >= 2.0"
configure:17278: $? = 0
configure:17291: $PKG_CONFIG --exists --print-errors "glib-2.0 >= 2.0  gmodule-2.0 >= 2.0 gthread-2.0 >= 2.0 gobject-2.0 >= 2.0"
configure:17294: $? = 0
configure:17331: result: yes
configure:17506: creating ./config.status

## ---------------------- ##
## Running config.status. ##
## ---------------------- ##

This file was extended by config.status, which was
generated by GNU Autoconf 2.68.  Invocation command line was

  CONFIG_FILES    = 
  CONFIG_HEADERS  = 
  CONFIG_LINKS    = 
  CONFIG_COMMANDS = 
  $ ./config.status 

on PGC-Pro.local

config.status:1209: creating po/Makefile.in
config.status:1209: creating Makefile
config.status:1209: creating autotrace-config
config.status:1209: creating autotrace.pc
config.status:1209: creating autotrace.spec
config.status:1209: creating config.h
config.status:1438: executing depfiles commands
config.status:1438: executing libtool commands
config.status:1438: executing default-1 commands
config.status:1438: executing default commands

## ---------------- ##
## Cache variables. ##
## ---------------- ##

ac_cv_build=x86_64-apple-darwin12.2.0
ac_cv_c_compiler_gnu=yes
ac_cv_cxx_compiler_gnu=yes
ac_cv_env_CCC_set=
ac_cv_env_CCC_value=
ac_cv_env_CC_set=set
ac_cv_env_CC_value=/usr/bin/clang
ac_cv_env_CFLAGS_set=
ac_cv_env_CFLAGS_value=
ac_cv_env_CPPFLAGS_set=
ac_cv_env_CPPFLAGS_value=
ac_cv_env_CPP_set=
ac_cv_env_CPP_value=
ac_cv_env_CXXCPP_set=
ac_cv_env_CXXCPP_value=
ac_cv_env_CXXFLAGS_set=
ac_cv_env_CXXFLAGS_value=
ac_cv_env_CXX_set=
ac_cv_env_CXX_value=
ac_cv_env_GLIB2_CFLAGS_set=
ac_cv_env_GLIB2_CFLAGS_value=
ac_cv_env_GLIB2_LIBS_set=
ac_cv_env_GLIB2_LIBS_value=
ac_cv_env_LDFLAGS_set=
ac_cv_env_LDFLAGS_value=
ac_cv_env_LIBS_set=
ac_cv_env_LIBS_value=
ac_cv_env_PKG_CONFIG_LIBDIR_set=
ac_cv_env_PKG_CONFIG_LIBDIR_value=
ac_cv_env_PKG_CONFIG_PATH_set=
ac_cv_env_PKG_CONFIG_PATH_value=
ac_cv_env_PKG_CONFIG_set=
ac_cv_env_PKG_CONFIG_value=
ac_cv_env_build_alias_set=
ac_cv_env_build_alias_value=
ac_cv_env_host_alias_set=
ac_cv_env_host_alias_value=
ac_cv_env_target_alias_set=
ac_cv_env_target_alias_value=
ac_cv_header_dlfcn_h=yes
ac_cv_header_inttypes_h=yes
ac_cv_header_libintl_h=no
ac_cv_header_locale_h=yes
ac_cv_header_magick_api_h=yes
ac_cv_header_malloc_h=no
ac_cv_header_memory_h=yes
ac_cv_header_ming_h=no
ac_cv_header_stdc=yes
ac_cv_header_stdint_h=yes
ac_cv_header_stdlib_h=yes
ac_cv_header_string_h=yes
ac_cv_header_strings_h=yes
ac_cv_header_sys_stat_h=yes
ac_cv_header_sys_types_h=yes
ac_cv_header_unistd_h=yes
ac_cv_header_zlib_h=yes
ac_cv_host=x86_64-apple-darwin12.2.0
ac_cv_lib_dl_main=yes
ac_cv_lib_gpp_main=no
ac_cv_lib_png_png_get_image_width=yes
ac_cv_lib_png_png_read_png=yes
ac_cv_lib_stdcpp_main=yes
ac_cv_lib_z_gzsetparams=yes
ac_cv_objext=o
ac_cv_path_EGREP='/usr/bin/grep -E'
ac_cv_path_FGREP='/usr/bin/grep -F'
ac_cv_path_GREP=/usr/bin/grep
ac_cv_path_PKG_CONFIG=/usr/local/bin/pkg-config
ac_cv_path_PSTOEDIT_CONFIG=no
ac_cv_path_SED=/usr/bin/sed
ac_cv_path_install='/usr/bin/install -c'
ac_cv_prog_AWK=awk
ac_cv_prog_CPP='/usr/bin/clang -E'
ac_cv_prog_CXXCPP='g++ -E'
ac_cv_prog_MAGICK_CONFIG=Magick-config
ac_cv_prog_ac_ct_AR=ar
ac_cv_prog_ac_ct_CC=/usr/bin/clang
ac_cv_prog_ac_ct_CXX=g++
ac_cv_prog_ac_ct_DSYMUTIL=dsymutil
ac_cv_prog_ac_ct_LIPO=lipo
ac_cv_prog_ac_ct_NMEDIT=nmedit
ac_cv_prog_ac_ct_OTOOL=otool
ac_cv_prog_ac_ct_RANLIB=ranlib
ac_cv_prog_ac_ct_STRIP=strip
ac_cv_prog_cc_c89=
ac_cv_prog_cc_g=yes
ac_cv_prog_cxx_g=yes
ac_cv_prog_make_make_set=yes
am_cv_CC_dependencies_compiler_type=none
am_cv_CXX_dependencies_compiler_type=none
am_cv_val_LC_MESSAGES=yes
gt_cv_have_gettext=no
lt_cv_apple_cc_single_mod=yes
lt_cv_ar_at_file=no
lt_cv_deplibs_check_method=pass_all
lt_cv_file_magic_cmd='$MAGIC_CMD'
lt_cv_file_magic_test_file=
lt_cv_ld_exported_symbols_list=yes
lt_cv_ld_force_load=yes
lt_cv_ld_reload_flag=-r
lt_cv_nm_interface='BSD nm'
lt_cv_objdir=.libs
lt_cv_path_LD=/usr/bin/ld
lt_cv_path_LDCXX=/usr/bin/ld
lt_cv_path_NM=/usr/bin/nm
lt_cv_path_mainfest_tool=no
lt_cv_prog_compiler_c_o=yes
lt_cv_prog_compiler_c_o_CXX=yes
lt_cv_prog_compiler_pic='-fno-common -DPIC'
lt_cv_prog_compiler_pic_CXX='-fno-common -DPIC'
lt_cv_prog_compiler_pic_works=yes
lt_cv_prog_compiler_pic_works_CXX=yes
lt_cv_prog_compiler_rtti_exceptions=yes
lt_cv_prog_compiler_static_works=no
lt_cv_prog_compiler_static_works_CXX=no
lt_cv_prog_gnu_ld=no
lt_cv_prog_gnu_ldcxx=no
lt_cv_sharedlib_from_linklib_cmd='printf %s\n'
lt_cv_sys_global_symbol_pipe='sed -n -e '\''s/^.*[	 ]\([BCDEGRST][BCDEGRST]*\)[	 ][	 ]*_\([_A-Za-z][_A-Za-z0-9]*\)$/\1 _\2 \2/p'\'' | sed '\''/ __gnu_lto/d'\'''
lt_cv_sys_global_symbol_to_c_name_address='sed -n -e '\''s/^: \([^ ]*\)[ ]*$/  {\"\1\", (void *) 0},/p'\'' -e '\''s/^[BCDEGRST]* \([^ ]*\) \([^ ]*\)$/  {"\2", (void *) \&\2},/p'\'''
lt_cv_sys_global_symbol_to_c_name_address_lib_prefix='sed -n -e '\''s/^: \([^ ]*\)[ ]*$/  {\"\1\", (void *) 0},/p'\'' -e '\''s/^[BCDEGRST]* \([^ ]*\) \(lib[^ ]*\)$/  {"\2", (void *) \&\2},/p'\'' -e '\''s/^[BCDEGRST]* \([^ ]*\) \([^ ]*\)$/  {"lib\2", (void *) \&\2},/p'\'''
lt_cv_sys_global_symbol_to_cdecl='sed -n -e '\''s/^T .* \(.*\)$/extern int \1();/p'\'' -e '\''s/^[BCDEGRST]* .* \(.*\)$/extern char \1;/p'\'''
lt_cv_sys_max_cmd_len=196608
lt_cv_to_host_file_cmd=func_convert_file_noop
lt_cv_to_tool_file_cmd=func_convert_file_noop
pkg_cv_GLIB2_CFLAGS='-D_REENTRANT -I/usr/local/Cellar/glib/2.32.1/include/glib-2.0 -I/usr/local/Cellar/glib/2.32.1/lib/glib-2.0/include -I/usr/local/Cellar/gettext/0.18.1.1/include  '
pkg_cv_GLIB2_LIBS='-L/usr/local/Cellar/glib/2.32.1/lib -L/usr/local/Cellar/gettext/0.18.1.1/lib -lgmodule-2.0 -lgthread-2.0 -lgobject-2.0 -lglib-2.0 -lintl  '

## ----------------- ##
## Output variables. ##
## ----------------- ##

ACLOCAL='${SHELL} /Users/patrice/Development/autotrace/missing --run aclocal-1.11'
AMDEPBACKSLASH='\'
AMDEP_FALSE='#'
AMDEP_TRUE=''
AMTAR='$${TAR-tar}'
AR='ar'
AUTOCONF='${SHELL} /Users/patrice/Development/autotrace/missing --run autoconf'
AUTOHEADER='${SHELL} /Users/patrice/Development/autotrace/missing --run autoheader'
AUTOMAKE='${SHELL} /Users/patrice/Development/autotrace/missing --run automake-1.11'
AUTOTRACE_VERSION='0.31.1'
AWK='awk'
CATALOGS=''
CATOBJEXT='NONE'
CC='/usr/bin/clang'
CCDEPMODE='depmode=none'
CFLAGS='-g -O2'
CPP='/usr/bin/clang -E'
CPPFLAGS=''
CXX='g++'
CXXCPP='g++ -E'
CXXDEPMODE='depmode=none'
CXXFLAGS='-g -O2'
CYGPATH_W='echo'
DATADIRNAME=''
DEFS='-DHAVE_CONFIG_H'
DEPDIR='.deps'
DLLTOOL='false'
DSYMUTIL='dsymutil'
DUMPBIN=''
ECHO_C='\c'
ECHO_N=''
ECHO_T=''
EGREP='/usr/bin/grep -E'
EXEEXT=''
FGREP='/usr/bin/grep -F'
GETTEXT_PACKAGE='autotrace'
GLIB2_CFLAGS='-D_REENTRANT -I/usr/local/Cellar/glib/2.32.1/include/glib-2.0 -I/usr/local/Cellar/glib/2.32.1/lib/glib-2.0/include -I/usr/local/Cellar/gettext/0.18.1.1/include  '
GLIB2_LIBS='-L/usr/local/Cellar/glib/2.32.1/lib -L/usr/local/Cellar/gettext/0.18.1.1/lib -lgmodule-2.0 -lgthread-2.0 -lgobject-2.0 -lglib-2.0 -lintl  '
GMOFILES=' ja.gmo de.gmo'
GMSGFMT=''
GREP='/usr/bin/grep'
HAVE_LIBPNG_FALSE='#'
HAVE_LIBPNG_TRUE=''
HAVE_LIBPSTOEDIT_FALSE=''
HAVE_LIBPSTOEDIT_TRUE='#'
HAVE_LIBSWF_FALSE=''
HAVE_LIBSWF_TRUE='#'
HAVE_MAGICK_FALSE='#'
HAVE_MAGICK_TRUE=''
INSTALL_DATA='${INSTALL} -m 644'
INSTALL_PROGRAM='${INSTALL}'
INSTALL_SCRIPT='${INSTALL}'
INSTALL_STRIP_PROGRAM='$(install_sh) -c -s'
INSTOBJEXT=''
INTLLIBS=''
LD='/usr/bin/ld'
LDFLAGS='-Xlinker -multiply_defined -Xlinker suppress '
LIBOBJS=''
LIBPNG_LDFLAGS='-lpng -lz -lm'
LIBPSTOEDIT_CFLAGS=''
LIBPSTOEDIT_LIBS=''
LIBS=''
LIBSWF_LDFLAGS=''
LIBTOOL='$(SHELL) $(top_builddir)/libtool'
LIPO='lipo'
LN_S='ln -s'
LTLIBOBJS=''
LT_AGE='0'
LT_CURRENT='3'
LT_REVISION='0'
MAGICK_CFLAGS='-I/usr/local/Cellar/imagemagick/6.7.5-7/include/ImageMagick  '
MAGICK_CONFIG='Magick-config'
MAGICK_LDFLAGS='-L/usr/local/Cellar/imagemagick/6.7.5-7/lib -lMagickCore   -L/usr/local/Cellar/imagemagick/6.7.5-7/lib -lMagickCore  '
MAINT='#'
MAINTAINER_MODE_FALSE=''
MAINTAINER_MODE_TRUE='#'
MAKEINFO='${SHELL} /Users/patrice/Development/autotrace/missing --run makeinfo'
MANIFEST_TOOL=':'
MKDIR_P='./install-sh -c -d'
MKINSTALLDIRS='./mkinstalldirs'
MSGFMT=''
MSGFMT_OPTS=''
NM='/usr/bin/nm'
NMEDIT='nmedit'
OBJDUMP='false'
OBJEXT='o'
OTOOL64=':'
OTOOL='otool'
PACKAGE='autotrace'
PACKAGE_BUGREPORT=''
PACKAGE_NAME=''
PACKAGE_STRING=''
PACKAGE_TARNAME=''
PACKAGE_URL=''
PACKAGE_VERSION=''
PATH_SEPARATOR=':'
PKG_CONFIG='/usr/local/bin/pkg-config'
PKG_CONFIG_LIBDIR=''
PKG_CONFIG_PATH=''
POFILES=' ja.po de.po'
POSUB='po'
PO_IN_DATADIR_FALSE=''
PO_IN_DATADIR_TRUE=''
PSTOEDIT_CFLAGS=''
PSTOEDIT_CONFIG='no'
PSTOEDIT_LIBS=''
RANLIB='ranlib'
SED='/usr/bin/sed'
SET_MAKE=''
SHELL='/bin/sh'
STRIP='strip'
USE_NLS='yes'
VERSION='0.31.1'
XGETTEXT=':'
ac_ct_AR='ar'
ac_ct_CC='/usr/bin/clang'
ac_ct_CXX='g++'
ac_ct_DUMPBIN=''
am__EXEEXT_FALSE=''
am__EXEEXT_TRUE='#'
am__fastdepCC_FALSE=''
am__fastdepCC_TRUE='#'
am__fastdepCXX_FALSE=''
am__fastdepCXX_TRUE='#'
am__include='include'
am__isrc=''
am__leading_dot='.'
am__nodep='_no'
am__quote=''
am__tar='$${TAR-tar} chof - "$$tardir"'
am__untar='$${TAR-tar} xf -'
bindir='${exec_prefix}/bin'
build='x86_64-apple-darwin12.2.0'
build_alias=''
build_cpu='x86_64'
build_os='darwin12.2.0'
build_vendor='apple'
datadir='${datarootdir}'
datarootdir='${prefix}/share'
docdir='${datarootdir}/doc/${PACKAGE}'
dvidir='${docdir}'
exec_prefix='${prefix}'
host='x86_64-apple-darwin12.2.0'
host_alias=''
host_cpu='x86_64'
host_os='darwin12.2.0'
host_vendor='apple'
htmldir='${docdir}'
includedir='${prefix}/include'
infodir='${datarootdir}/info'
install_sh='${SHELL} /Users/patrice/Development/autotrace/install-sh'
libdir='${exec_prefix}/lib'
libexecdir='${exec_prefix}/libexec'
localedir='${datarootdir}/locale'
localstatedir='${prefix}/var'
mandir='${datarootdir}/man'
mkdir_p='$(top_builddir)/./install-sh -c -d'
oldincludedir='/usr/include'
pdfdir='${docdir}'
prefix='/usr/local'
program_transform_name='s,x,x,'
psdir='${docdir}'
sbindir='${exec_prefix}/sbin'
sharedstatedir='${prefix}/com'
sysconfdir='${prefix}/etc'
target_alias=''

## ----------- ##
## confdefs.h. ##
## ----------- ##

/* confdefs.h */
#define PACKAGE_NAME ""
#define PACKAGE_TARNAME ""
#define PACKAGE_VERSION ""
#define PACKAGE_STRING ""
#define PACKAGE_BUGREPORT ""
#define PACKAGE_URL ""
#define PACKAGE "autotrace"
#define AUTOTRACE_VERSION "0.31.1"
#define STDC_HEADERS 1
#define HAVE_SYS_TYPES_H 1
#define HAVE_SYS_STAT_H 1
#define HAVE_STDLIB_H 1
#define HAVE_STRING_H 1
#define HAVE_MEMORY_H 1
#define HAVE_STRINGS_H 1
#define HAVE_INTTYPES_H 1
#define HAVE_STDINT_H 1
#define HAVE_UNISTD_H 1
#define HAVE_DLFCN_H 1
#define LT_OBJDIR ".libs/"
#define AUTOTRACE_WEB "http://autotrace.sourceforge.net"
#define GETTEXT_PACKAGE "autotrace"
#define HAVE_LOCALE_H 1
#define HAVE_LC_MESSAGES 1
#define HAVE_MAGICK 1
#define HAVE_LIBPNG 1

configure: exit 0
